{
  "RSpec": {
    "coverage": {
      "/Users/clare/Dropbox/projects/birthday-greeter/app.rb": [
        1,
        null,
        1,
        1,
        1,
        null,
        null,
        1,
        1,
        null,
        null,
        null,
        null,
        1,
        null
      ],
      "/Users/clare/Dropbox/projects/birthday-greeter/spec/features/user_input_spec.rb": [
        1,
        1,
        1,
        1,
        1,
        1,
        1,
        1,
        null,
        null,
        null
      ]
    },
    "timestamp": 1539781089
  }
}
